{"level":"INFO","ts":"2025-05-26T02:17:59.963Z","msg":"Saving quotes before shutdown..."}
{"level":"INFO","ts":"2025-05-26T02:17:59.991Z","msg":"QuotesService shutdown completed."}
{"level":"INFO","ts":"2025-05-26T02:17:59.991Z","msg":"Received shutdown signal (SIGINT/SIGTERM)"}
{"level":"ERROR","ts":"2025-05-26T02:17:59.991Z","msg":"Error processing BTC-USDT: API fetch failed: request failed for BTC-USDT: Get \"https://api.blockchain.com/v3/exchange/tickers/BTC-USDT\": context canceled"}
{"level":"ERROR","ts":"2025-05-26T02:17:59.991Z","msg":"Error processing ETH-USDT: API fetch failed: request failed for ETH-USDT: Get \"https://api.blockchain.com/v3/exchange/tickers/ETH-USDT\": context canceled"}
{"level":"INFO","ts":"2025-05-26T02:17:59.991Z","msg":"Informer: context cancelled"}
{"level":"ERROR","ts":"2025-05-26T02:17:59.991Z","msg":"Error processing ETH-EUR: API fetch failed: request failed for ETH-EUR: Get \"https://api.blockchain.com/v3/exchange/tickers/ETH-EUR\": context canceled"}
{"level":"ERROR","ts":"2025-05-26T02:17:59.991Z","msg":"Error processing ETH-EUR: API fetch failed: request failed for ETH-EUR: Get \"https://api.blockchain.com/v3/exchange/tickers/ETH-EUR\": context canceled"}
{"level":"ERROR","ts":"2025-05-26T02:17:59.991Z","msg":"Error processing ETH-EUR: API fetch failed: request failed for ETH-EUR: Get \"https://api.blockchain.com/v3/exchange/tickers/ETH-EUR\": context canceled"}
{"level":"ERROR","ts":"2025-05-26T02:17:59.991Z","msg":"Error processing ETH-EUR: API fetch failed: request failed for ETH-EUR: Get \"https://api.blockchain.com/v3/exchange/tickers/ETH-EUR\": context canceled"}
{"level":"ERROR","ts":"2025-05-26T02:17:59.992Z","msg":"Error processing BTC-USDT: API fetch failed: request failed for BTC-USDT: Get \"https://api.blockchain.com/v3/exchange/tickers/BTC-USDT\": context canceled"}
{"level":"ERROR","ts":"2025-05-26T02:17:59.992Z","msg":"Error processing BTC-USDT: API fetch failed: request failed for BTC-USDT: Get \"https://api.blockchain.com/v3/exchange/tickers/BTC-USDT\": context canceled"}
{"level":"ERROR","ts":"2025-05-26T02:17:59.992Z","msg":"Error processing BTC-USDT: API fetch failed: request failed for BTC-USDT: Get \"https://api.blockchain.com/v3/exchange/tickers/BTC-USDT\": context canceled"}
{"level":"ERROR","ts":"2025-05-26T02:17:59.992Z","msg":"Error processing BTC-USDT: API fetch failed: request failed for BTC-USDT: Get \"https://api.blockchain.com/v3/exchange/tickers/BTC-USDT\": context canceled"}
{"level":"ERROR","ts":"2025-05-26T02:17:59.992Z","msg":"Error processing BTC-USDT: API fetch failed: request failed for BTC-USDT: Get \"https://api.blockchain.com/v3/exchange/tickers/BTC-USDT\": context canceled"}
{"level":"ERROR","ts":"2025-05-26T02:17:59.992Z","msg":"Error processing ETH-USDT: API fetch failed: request failed for ETH-USDT: Get \"https://api.blockchain.com/v3/exchange/tickers/ETH-USDT\": context canceled"}
{"level":"ERROR","ts":"2025-05-26T02:17:59.991Z","msg":"Error processing BTC-USDT: API fetch failed: request failed for BTC-USDT: Get \"https://api.blockchain.com/v3/exchange/tickers/BTC-USDT\": context canceled"}
{"level":"ERROR","ts":"2025-05-26T02:17:59.992Z","msg":"Error processing BTC-USDT: API fetch failed: request failed for BTC-USDT: Get \"https://api.blockchain.com/v3/exchange/tickers/BTC-USDT\": context canceled"}
{"level":"ERROR","ts":"2025-05-26T02:17:59.992Z","msg":"Error processing ETH-USDT: API fetch failed: request failed for ETH-USDT: Get \"https://api.blockchain.com/v3/exchange/tickers/ETH-USDT\": context canceled"}
{"level":"ERROR","ts":"2025-05-26T02:17:59.992Z","msg":"Error processing ETH-USDT: API fetch failed: request failed for ETH-USDT: Get \"https://api.blockchain.com/v3/exchange/tickers/ETH-USDT\": context canceled"}
{"level":"ERROR","ts":"2025-05-26T02:17:59.992Z","msg":"Error processing ETH-EUR: API fetch failed: request failed for ETH-EUR: Get \"https://api.blockchain.com/v3/exchange/tickers/ETH-EUR\": context canceled"}
{"level":"ERROR","ts":"2025-05-26T02:17:59.992Z","msg":"Error processing BTC-USDT: API fetch failed: request failed for BTC-USDT: Get \"https://api.blockchain.com/v3/exchange/tickers/BTC-USDT\": context canceled"}
{"level":"ERROR","ts":"2025-05-26T02:17:59.992Z","msg":"Error processing ETH-USDT: API fetch failed: request failed for ETH-USDT: Get \"https://api.blockchain.com/v3/exchange/tickers/ETH-USDT\": context canceled"}
{"level":"ERROR","ts":"2025-05-26T02:17:59.992Z","msg":"Error processing ETH-USDT: API fetch failed: request failed for ETH-USDT: Get \"https://api.blockchain.com/v3/exchange/tickers/ETH-USDT\": context canceled"}
{"level":"ERROR","ts":"2025-05-26T02:17:59.992Z","msg":"Error processing ETH-USDT: API fetch failed: request failed for ETH-USDT: Get \"https://api.blockchain.com/v3/exchange/tickers/ETH-USDT\": context canceled"}
{"level":"ERROR","ts":"2025-05-26T02:17:59.992Z","msg":"Error processing ETH-EUR: API fetch failed: request failed for ETH-EUR: Get \"https://api.blockchain.com/v3/exchange/tickers/ETH-EUR\": context canceled"}
{"level":"ERROR","ts":"2025-05-26T02:17:59.992Z","msg":"Error processing BTC-USDT: API fetch failed: request failed for BTC-USDT: Get \"https://api.blockchain.com/v3/exchange/tickers/BTC-USDT\": context canceled"}
{"level":"ERROR","ts":"2025-05-26T02:17:59.992Z","msg":"Error processing ETH-USDT: API fetch failed: request failed for ETH-USDT: Get \"https://api.blockchain.com/v3/exchange/tickers/ETH-USDT\": context canceled"}
{"level":"ERROR","ts":"2025-05-26T02:17:59.992Z","msg":"Error processing ETH-USDT: API fetch failed: request failed for ETH-USDT: Get \"https://api.blockchain.com/v3/exchange/tickers/ETH-USDT\": context canceled"}
{"level":"ERROR","ts":"2025-05-26T02:17:59.992Z","msg":"Error processing ETH-USDT: API fetch failed: request failed for ETH-USDT: Get \"https://api.blockchain.com/v3/exchange/tickers/ETH-USDT\": context canceled"}
{"level":"INFO","ts":"2025-05-26T02:17:59.992Z","msg":"Server stopped."}
{"level":"INFO","ts":"2025-05-26T02:20:52.742Z","msg":"Running migrations..."}
{"level":"INFO","ts":"2025-05-26T02:20:52.744Z","msg":"Migrations completed successfully"}
{"level":"INFO","ts":"2025-05-26T02:20:52.744Z","msg":"Server listening on port: 8080"}
{"level":"INFO","ts":"2025-05-26T02:25:04.109Z","msg":"Saving quotes before shutdown..."}
{"level":"INFO","ts":"2025-05-26T02:25:04.170Z","msg":"QuotesService shutdown completed."}
{"level":"INFO","ts":"2025-05-26T02:25:04.170Z","msg":"Received shutdown signal (SIGINT/SIGTERM)"}
{"level":"INFO","ts":"2025-05-26T02:25:04.170Z","msg":"Informer: context cancelled"}
{"level":"INFO","ts":"2025-05-26T02:25:04.170Z","msg":"Server stopped."}
